<?xml version="1.0" encoding="UTF-8"?>
<!-- Generated by org.testng.reporters.JUnitReportReporter -->
<testsuite hostname="AVALANCHE" name="OCA1Automation1.MyAutomation1.GMailAcceptLinkTestNewDispatchCall" tests="1" failures="0" timestamp="13 Feb 2017 01:56:24 GMT" time="17.617" errors="0">
  <testcase name="testCaseOne" time="17.617" classname="OCA1Automation1.MyAutomation1.GMailAcceptLinkTestNewDispatchCall"/>
</testsuite> <!-- OCA1Automation1.MyAutomation1.GMailAcceptLinkTestNewDispatchCall -->
