<?xml version="1.0" encoding="UTF-8"?>
<!-- Generated by org.testng.reporters.JUnitReportReporter -->
<testsuite hostname="AVALANCHE" name="OCA1Automation1.MyAutomation1.GMailAcceptLinkParallelwithPhantomJSTest" tests="2" failures="0" timestamp="6 Feb 2017 03:35:20 GMT" time="61.888" errors="0">
  <testcase name="testCaseTwo" time="31.141" classname="OCA1Automation1.MyAutomation1.GMailAcceptLinkParallelwithPhantomJSTest"/>
  <testcase name="testCaseOne" time="30.747" classname="OCA1Automation1.MyAutomation1.GMailAcceptLinkParallelwithPhantomJSTest"/>
</testsuite> <!-- OCA1Automation1.MyAutomation1.GMailAcceptLinkParallelwithPhantomJSTest -->
