<?xml version="1.0" encoding="UTF-8"?>
<!-- Generated by org.testng.reporters.JUnitReportReporter -->
<testsuite hostname="AVALANCHE" name="OCA1Automation1.MyAutomation1.GMailAcceptLinkParallelTest" tests="7" failures="0" timestamp="6 Feb 2017 03:39:32 GMT" time="377.926" errors="0">
  <testcase name="testCaseTwo" time="48.463" classname="OCA1Automation1.MyAutomation1.GMailAcceptLinkParallelTest"/>
  <testcase name="testCaseSeven" time="56.576" classname="OCA1Automation1.MyAutomation1.GMailAcceptLinkParallelTest"/>
  <testcase name="testCaseSix" time="52.542" classname="OCA1Automation1.MyAutomation1.GMailAcceptLinkParallelTest"/>
  <testcase name="testCaseOne" time="57.179" classname="OCA1Automation1.MyAutomation1.GMailAcceptLinkParallelTest"/>
  <testcase name="testCaseFive" time="55.497" classname="OCA1Automation1.MyAutomation1.GMailAcceptLinkParallelTest"/>
  <testcase name="testCaseThree" time="51.928" classname="OCA1Automation1.MyAutomation1.GMailAcceptLinkParallelTest"/>
  <testcase name="testCaseFour" time="55.741" classname="OCA1Automation1.MyAutomation1.GMailAcceptLinkParallelTest"/>
</testsuite> <!-- OCA1Automation1.MyAutomation1.GMailAcceptLinkParallelTest -->
