<?xml version="1.0" encoding="UTF-8"?>
<!-- Generated by org.testng.reporters.JUnitReportReporter -->
<testsuite hostname="AVALANCHE" name="OCA1Automation1.MyAutomation1.GMailAcceptLinkTest" tests="1" failures="0" timestamp="9 Feb 2017 22:12:44 GMT" time="30.758" errors="0">
  <testcase name="testCaseOne" time="30.758" classname="OCA1Automation1.MyAutomation1.GMailAcceptLinkTest"/>
</testsuite> <!-- OCA1Automation1.MyAutomation1.GMailAcceptLinkTest -->
